<?xml version="1.0" encoding="UTF-8"?>
<!-- Generated by org.testng.reporters.JUnitReportReporter -->
<testsuite skipped="0" hostname="DESKTOP-C37E15E" name="Testcases.LoginTest" tests="1" failures="0" timestamp="15 Aug 2020 14:12:35 GMT" time="33.459" errors="0">
  <testcase name="Login" time="33.459" classname="Testcases.LoginTest"/>
</testsuite> <!-- Testcases.LoginTest -->
